<?xml version="1.0" encoding="UTF-8"?>
<!-- Generated by org.testng.reporters.JUnitXMLReporter -->
<testsuite ignored="6" hostname="DESKTOP-JBB62IL" failures="0" tests="1" name="Default test" time="91.16" errors="0" timestamp="2024-05-23T11:04:04 IST">
  <testcase classname="test.SwagLabLoginTest" name="googleSuggestions" time="10.995"/>
  <testcase classname="test.SwagLabLoginTest" name="loginWithPerformanceGlitchUser" time="0.0">
    <ignored/>
  </testcase> <!-- loginWithPerformanceGlitchUser -->
  <testcase classname="test.SwagLabLoginTest" name="loginWithVisualUser" time="0.0">
    <ignored/>
  </testcase> <!-- loginWithVisualUser -->
  <testcase classname="test.SwagLabLoginTest" name="loginWithLockedOutUser" time="0.0">
    <ignored/>
  </testcase> <!-- loginWithLockedOutUser -->
  <testcase classname="test.SwagLabLoginTest" name="loginWithErrorUser" time="0.0">
    <ignored/>
  </testcase> <!-- loginWithErrorUser -->
  <testcase classname="test.SwagLabLoginTest" name="loginWithProblemUser" time="0.0">
    <ignored/>
  </testcase> <!-- loginWithProblemUser -->
  <testcase classname="test.SwagLabLoginTest" name="loginWithStandardUser" time="0.0">
    <ignored/>
  </testcase> <!-- loginWithStandardUser -->
</testsuite> <!-- Default test -->
